0 info it worked if it ends with ok
1 verbose cli [ 'C:\\apps\\node-v8.4.0-win-x64\\node.exe',
1 verbose cli   'D:\\demo\\webpack\\node_modules\\npm\\bin\\npm-cli.js',
1 verbose cli   'run',
1 verbose cli   'dev' ]
2 info using npm@2.15.12
3 info using node@v8.4.0
4 verbose run-script [ 'predev', 'dev', 'postdev' ]
5 info predev webpack-demo11@1.0.0
6 info dev webpack-demo11@1.0.0
7 verbose unsafe-perm in lifecycle true
8 info webpack-demo11@1.0.0 Failed to exec dev script
9 verbose stack Error: webpack-demo11@1.0.0 dev: `webpack-dev-server --open`
9 verbose stack Exit status 1
9 verbose stack     at EventEmitter.<anonymous> (D:\demo\webpack\node_modules\npm\lib\utils\lifecycle.js:217:16)
9 verbose stack     at emitTwo (events.js:125:13)
9 verbose stack     at EventEmitter.emit (events.js:213:7)
9 verbose stack     at ChildProcess.<anonymous> (D:\demo\webpack\node_modules\npm\lib\utils\spawn.js:24:14)
9 verbose stack     at emitTwo (events.js:125:13)
9 verbose stack     at ChildProcess.emit (events.js:213:7)
9 verbose stack     at maybeClose (internal/child_process.js:927:16)
9 verbose stack     at Process.ChildProcess._handle.onexit (internal/child_process.js:211:5)
10 verbose pkgid webpack-demo11@1.0.0
11 verbose cwd D:\demo\webpack\demo11
12 error Windows_NT 10.0.17134
13 error argv "C:\\apps\\node-v8.4.0-win-x64\\node.exe" "D:\\demo\\webpack\\node_modules\\npm\\bin\\npm-cli.js" "run" "dev"
14 error node v8.4.0
15 error npm  v2.15.12
16 error code ELIFECYCLE
17 error webpack-demo11@1.0.0 dev: `webpack-dev-server --open`
17 error Exit status 1
18 error Failed at the webpack-demo11@1.0.0 dev script 'webpack-dev-server --open'.
18 error This is most likely a problem with the webpack-demo11 package,
18 error not with npm itself.
18 error Tell the author that this fails on your system:
18 error     webpack-dev-server --open
18 error You can get information on how to open an issue for this project with:
18 error     npm bugs webpack-demo11
18 error Or if that isn't available, you can get their info via:
18 error
18 error     npm owner ls webpack-demo11
18 error There is likely additional logging output above.
19 verbose exit [ 1, true ]
